Using pre-set license

 COMMAND LINE ARGUMENTS:
/Applications/Unity/Hub/Editor/2020.3.13f1/Unity.app/Contents/MacOS/Unity
-adb2
-batchMode
-noUpm
-name
AssetImportWorker0
-projectPath
/Users/mcamandioti/OpenBLOX
-logFile
Logs/AssetImportWorker0.log
-srvPort
62769
Successfully changed project path to: /Users/mcamandioti/OpenBLOX
/Users/mcamandioti/OpenBLOX
Using Asset Import Pipeline V2.
Refreshing native plugins compatible for Editor in 27.42 ms, found 3 plugins.
Preloading 0 native plugins for Editor in 0.00 ms.
Initialize engine version: 2020.3.13f1 (71691879b7f5)
[Subsystems] Discovering subsystems at path /Applications/Unity/Hub/Editor/2020.3.13f1/Unity.app/Contents/Resources/UnitySubsystems
[Subsystems] Discovering subsystems at path /Users/mcamandioti/OpenBLOX/Assets
GfxDevice: creating device client; threaded=0
2025-03-04 17:34:54.193 Unity[40077:3154280] (null) preferred device: Apple M2 (high power)
2025-03-04 17:34:54.193 Unity[40077:3154280] Metal devices available: 1
2025-03-04 17:34:54.193 Unity[40077:3154280] 0: Apple M2 (high power)
2025-03-04 17:34:54.194 Unity[40077:3154280] Using device Apple M2 (high power)
Initializing Metal device caps: Apple M2
Initialize mono
Mono path[0] = '/Applications/Unity/Hub/Editor/2020.3.13f1/Unity.app/Contents/Managed'
Mono path[1] = '/Applications/Unity/Hub/Editor/2020.3.13f1/Unity.app/Contents/MonoBleedingEdge/lib/mono/unityjit'
Mono config path = '/Applications/Unity/Hub/Editor/2020.3.13f1/Unity.app/Contents/MonoBleedingEdge/etc'
Using monoOptions --debugger-agent=transport=dt_socket,embedding=1,server=y,suspend=n,address=127.0.0.1:56077
Begin MonoManager ReloadAssembly
Registering precompiled unity dll's ...
Register platform support module: /Applications/Unity/Hub/Editor/2020.3.13f1/Unity.app/Contents/PlaybackEngines/MacStandaloneSupport/UnityEditor.OSXStandalone.Extensions.dll
Register platform support module: /Applications/Unity/Hub/Editor/2020.3.13f1/PlaybackEngines/WindowsStandaloneSupport/UnityEditor.WindowsStandalone.Extensions.dll
Register platform support module: /Applications/Unity/Hub/Editor/2020.3.13f1/PlaybackEngines/LinuxStandaloneSupport/UnityEditor.LinuxStandalone.Extensions.dll
Registered in 0.001647 seconds.
Native extension for LinuxStandalone target not found
Native extension for WindowsStandalone target not found
Native extension for OSXStandalone target not found
Refreshing native plugins compatible for Editor in 22.03 ms, found 3 plugins.
Preloading 0 native plugins for Editor in 0.00 ms.
Mono: successfully reloaded assembly
- Completed reload, in  1.465 seconds
Platform modules already initialized, skipping
Registering precompiled user dll's ...
Registered in 0.003328 seconds.
Begin MonoManager ReloadAssembly
Native extension for LinuxStandalone target not found
Native extension for WindowsStandalone target not found
Native extension for OSXStandalone target not found
Refreshing native plugins compatible for Editor in 0.29 ms, found 3 plugins.
Preloading 0 native plugins for Editor in 0.00 ms.
Mono: successfully reloaded assembly
- Completed reload, in  1.989 seconds
Platform modules already initialized, skipping
========================================================================
Worker process is ready to serve import requests
Launching external process: /Applications/Unity/Hub/Editor/2020.3.13f1/Unity.app/Contents/Tools/UnityShaderCompiler
Launched and connected shader compiler UnityShaderCompiler after 1.20 seconds
Refreshing native plugins compatible for Editor in 0.52 ms, found 3 plugins.
Preloading 0 native plugins for Editor in 0.00 ms.
Unloading 1429 Unused Serialized files (Serialized files now loaded: 0)
System memory in use before: 46.5 MB.
System memory in use after: 46.6 MB.

Unloading 24 unused Assets to reduce memory usage. Loaded Objects now: 1859.
Total: 6.253250 ms (FindLiveObjects: 0.219708 ms CreateObjectMapping: 0.027875 ms MarkObjects: 5.918000 ms  DeleteObjects: 0.087000 ms)

AssetImportParameters requested are different than current active one (requested -> active):
  custom:video-decoder-ogg-theora: a1e56fd34408186e4bbccfd4996cb3dc -> 
  custom:container-muxer-webm: aa71ff27fc2769a1b78a27578f13a17b -> 
  custom:container-demuxer-webm: 4f35f7cbe854078d1ac9338744f61a02 -> 
  custom:container-demuxer-ogg: 62fdf1f143b41e24485cea50d1cbac27 -> 
  custom:video-encoder-webm-vp8: eb34c28f22e8b96e1ab97ce403110664 -> 
  custom:framework-osx-AVFoundation: e770b220cccbd017edd2c1fefb359320 -> 
  custom:video-decoder-webm-vp8: 9c59270c3fd7afecdb556c50c9e8de78 -> 
  custom:audio-decoder-ogg-vorbis: bf7c407c2cedff20999df2af8eb42d56 -> 
  custom:audio-encoder-webm-vorbis: bf7c407c2cedff20999df2af8eb42d56 -> 
========================================================================
Received Import Request.
  path: Assets/Loader.cs
  artifactKey: Guid(5de619f98de404700a6ffa071bd556be) Importer(815301076,1909f56bfc062723c751e8b465ee728b)
Start importing Assets/Loader.cs using Guid(5de619f98de404700a6ffa071bd556be) Importer(815301076,1909f56bfc062723c751e8b465ee728b)  -> (artifact id: 'b180e8c27f0fa937e67d094f52a6b8f2') in 0.407892 seconds 
  Import took 0.412244 seconds .

========================================================================
Received Import Request.
  Time since last request: 14.004103 seconds.
  path: Assets/RBXLStart.unity
  artifactKey: Guid(06adc361e2c1449269b2910e04388549) Importer(815301076,1909f56bfc062723c751e8b465ee728b)
Start importing Assets/RBXLStart.unity using Guid(06adc361e2c1449269b2910e04388549) Importer(815301076,1909f56bfc062723c751e8b465ee728b)  -> (artifact id: '02757b5a91f52a3b4d2adc62e444304e') in 0.031334 seconds 
  Import took 0.037425 seconds .

========================================================================
Received Import Request.
  Time since last request: 0.959274 seconds.
  path: Assets/Loader.unity
  artifactKey: Guid(7ebbb90ed8fd94e08b3767d6aa6d74bb) Importer(815301076,1909f56bfc062723c751e8b465ee728b)
Start importing Assets/Loader.unity using Guid(7ebbb90ed8fd94e08b3767d6aa6d74bb) Importer(815301076,1909f56bfc062723c751e8b465ee728b)  -> (artifact id: 'cac33062252254b4a129de032e1cb43d') in 0.001583 seconds 
  Import took 0.003670 seconds .

========================================================================
Received Prepare
Registering precompiled user dll's ...
Registered in 0.003962 seconds.
Begin MonoManager ReloadAssembly
Native extension for LinuxStandalone target not found
Native extension for WindowsStandalone target not found
Native extension for OSXStandalone target not found
Refreshing native plugins compatible for Editor in 0.29 ms, found 3 plugins.
Preloading 0 native plugins for Editor in 0.00 ms.
Mono: successfully reloaded assembly
- Completed reload, in  1.972 seconds
Platform modules already initialized, skipping
Refreshing native plugins compatible for Editor in 0.20 ms, found 3 plugins.
Preloading 0 native plugins for Editor in 0.00 ms.
Unloading 1423 Unused Serialized files (Serialized files now loaded: 0)
System memory in use before: 52.3 MB.
System memory in use after: 52.4 MB.

Unloading 19 unused Assets to reduce memory usage. Loaded Objects now: 1862.
Total: 1.157250 ms (FindLiveObjects: 0.116667 ms CreateObjectMapping: 0.019542 ms MarkObjects: 0.998041 ms  DeleteObjects: 0.022500 ms)

AssetImportParameters requested are different than current active one (requested -> active):
  custom:video-decoder-ogg-theora: a1e56fd34408186e4bbccfd4996cb3dc -> 
  custom:container-muxer-webm: aa71ff27fc2769a1b78a27578f13a17b -> 
  custom:container-demuxer-webm: 4f35f7cbe854078d1ac9338744f61a02 -> 
  custom:container-demuxer-ogg: 62fdf1f143b41e24485cea50d1cbac27 -> 
  custom:video-encoder-webm-vp8: eb34c28f22e8b96e1ab97ce403110664 -> 
  custom:framework-osx-AVFoundation: e770b220cccbd017edd2c1fefb359320 -> 
  custom:video-decoder-webm-vp8: 9c59270c3fd7afecdb556c50c9e8de78 -> 
  custom:audio-decoder-ogg-vorbis: bf7c407c2cedff20999df2af8eb42d56 -> 
  custom:audio-encoder-webm-vorbis: bf7c407c2cedff20999df2af8eb42d56 -> 
========================================================================
Received Import Request.
  Time since last request: 155.974972 seconds.
  path: Assets/API.cs
  artifactKey: Guid(202e45bd5267b492d915dd13988796e0) Importer(815301076,1909f56bfc062723c751e8b465ee728b)
Start importing Assets/API.cs using Guid(202e45bd5267b492d915dd13988796e0) Importer(815301076,1909f56bfc062723c751e8b465ee728b)  -> (artifact id: '986a7ed0179bd39c9424bd33f6bf35bc') in 0.024586 seconds 
  Import took 0.037063 seconds .

========================================================================
Received Prepare
Registering precompiled user dll's ...
Registered in 0.001725 seconds.
Begin MonoManager ReloadAssembly
Native extension for LinuxStandalone target not found
Native extension for WindowsStandalone target not found
Native extension for OSXStandalone target not found
Refreshing native plugins compatible for Editor in 0.35 ms, found 3 plugins.
Preloading 0 native plugins for Editor in 0.00 ms.
Mono: successfully reloaded assembly
- Completed reload, in  1.953 seconds
Platform modules already initialized, skipping
Refreshing native plugins compatible for Editor in 0.20 ms, found 3 plugins.
Preloading 0 native plugins for Editor in 0.00 ms.
Unloading 1423 Unused Serialized files (Serialized files now loaded: 0)
System memory in use before: 54.8 MB.
System memory in use after: 54.9 MB.

Unloading 19 unused Assets to reduce memory usage. Loaded Objects now: 1865.
Total: 2.818417 ms (FindLiveObjects: 0.131458 ms CreateObjectMapping: 0.020958 ms MarkObjects: 2.649750 ms  DeleteObjects: 0.015750 ms)

AssetImportParameters requested are different than current active one (requested -> active):
  custom:video-decoder-ogg-theora: a1e56fd34408186e4bbccfd4996cb3dc -> 
  custom:container-muxer-webm: aa71ff27fc2769a1b78a27578f13a17b -> 
  custom:container-demuxer-webm: 4f35f7cbe854078d1ac9338744f61a02 -> 
  custom:container-demuxer-ogg: 62fdf1f143b41e24485cea50d1cbac27 -> 
  custom:video-encoder-webm-vp8: eb34c28f22e8b96e1ab97ce403110664 -> 
  custom:framework-osx-AVFoundation: e770b220cccbd017edd2c1fefb359320 -> 
  custom:video-decoder-webm-vp8: 9c59270c3fd7afecdb556c50c9e8de78 -> 
  custom:audio-decoder-ogg-vorbis: bf7c407c2cedff20999df2af8eb42d56 -> 
  custom:audio-encoder-webm-vorbis: bf7c407c2cedff20999df2af8eb42d56 -> 
========================================================================
Received Import Request.
  Time since last request: 61.563767 seconds.
  path: Assets/API.cs
  artifactKey: Guid(202e45bd5267b492d915dd13988796e0) Importer(815301076,1909f56bfc062723c751e8b465ee728b)
Start importing Assets/API.cs using Guid(202e45bd5267b492d915dd13988796e0) Importer(815301076,1909f56bfc062723c751e8b465ee728b)  -> (artifact id: '7ad37524422b7772c194362d6082bd3d') in 0.008564 seconds 
  Import took 0.010107 seconds .

